<?xml version="1.0" encoding="UTF-8"?>
<!-- Generated by org.testng.reporters.JUnitReportReporter -->
<testsuite skipped="0" hostname="DESKTOP-P3KVQT3" name="RestTesting.Trello" tests="3" failures="0" timestamp="2022-03-16T14:17:56 IST" time="6.019" errors="0">
  <testcase name="createBoard" time="4.035" classname="RestTesting.Trello"/>
  <system-out/>
  <testcase name="getBoard" time="0.883" classname="RestTesting.Trello"/>
  <system-out/>
  <testcase name="deleteBoard" time="1.101" classname="RestTesting.Trello"/>
  <system-out/>
</testsuite> <!-- RestTesting.Trello -->
