<?xml version="1.0" encoding="UTF-8"?>
<!-- Generated by org.testng.reporters.JUnitReportReporter -->
<testsuite skipped="0" hostname="DESKTOP-P3KVQT3" name="RestTesting.Trello" tests="3" failures="0" timestamp="2022-03-16T16:08:28 IST" time="5.635" errors="0">
  <testcase name="createBoard" time="2.287" classname="RestTesting.Trello"/>
  <system-out/>
  <testcase name="getBoard" time="0.908" classname="RestTesting.Trello"/>
  <system-out/>
  <testcase name="deleteBoard" time="2.440" classname="RestTesting.Trello"/>
  <system-out/>
</testsuite> <!-- RestTesting.Trello -->
