<?xml version="1.0" encoding="UTF-8"?>
<!-- Generated by org.testng.reporters.JUnitReportReporter -->
<testsuite skipped="2" hostname="DESKTOP-P3KVQT3" name="RestTesting.ECommerceUsers" tests="4" failures="0" timestamp="2022-03-16T17:17:01 IST" time="9.420" errors="0">
  <testcase name="login" time="6.564" classname="RestTesting.ECommerceUsers"/>
  <system-out/>
  <testcase name="getallusers" time="2.856" classname="RestTesting.ECommerceUsers"/>
  <system-out/>
  <testcase name="delete" classname="RestTesting.ECommerceUsers">
    <skipped/>
  </testcase> <!-- delete -->
  <system-out/>
  <testcase name="signup" classname="RestTesting.ECommerceUsers">
    <skipped/>
  </testcase> <!-- signup -->
  <system-out/>
</testsuite> <!-- RestTesting.ECommerceUsers -->
