<?xml version="1.0" encoding="UTF-8"?>
<!-- Generated by org.testng.reporters.JUnitReportReporter -->
<testsuite hostname="DESKTOP-P3KVQT3" failures="0" tests="4" name="RestTesting.ECommerceUsers" time="10.389" errors="0" timestamp="2022-03-16T12:25:04 IST" skipped="2">
  <testcase classname="RestTesting.ECommerceUsers" name="login" time="7.546"/>
  <system-out/>
  <testcase classname="RestTesting.ECommerceUsers" name="getallusers" time="2.843"/>
  <system-out/>
  <testcase classname="RestTesting.ECommerceUsers" name="delete">
    <skipped/>
  </testcase> <!-- delete -->
  <system-out/>
  <testcase classname="RestTesting.ECommerceUsers" name="signup">
    <skipped/>
  </testcase> <!-- signup -->
  <system-out/>
</testsuite> <!-- RestTesting.ECommerceUsers -->
